<?xml version="1.0" encoding="UTF-8"?>
<!-- Generated by org.testng.reporters.JUnitReportReporter -->
<testsuite hostname="LAPTOP-40A9UGQV" failures="0" tests="1" name="testClasses.GetStudyChair" time="32.364" errors="0" timestamp="2021-03-25T13:08:27 IST" skipped="0">
  <testcase classname="testClasses.GetStudyChair" name="testForStudyChairs" time="32.364"/>
  <system-out/>
</testsuite> <!-- testClasses.GetStudyChair -->
