<?xml version="1.0" encoding="UTF-8"?>
<!-- Generated by org.testng.reporters.JUnitReportReporter -->
<testsuite hostname="LAPTOP-40A9UGQV" failures="0" tests="1" name="testClasses.GiftCard" time="48.668" errors="0" timestamp="2021-03-25T13:08:27 IST" skipped="0">
  <testcase classname="testClasses.GiftCard" name="testForGiftCards" time="48.668"/>
  <system-out/>
</testsuite> <!-- testClasses.GiftCard -->
